<?xml version="1.0" encoding="UTF-8"?>
<!-- Generated by org.testng.reporters.JUnitReportReporter -->
<testsuite hostname="DESKTOP-G64A62O" failures="0" tests="1" name="com.facebook.LoginTest" time="25.566" errors="0" timestamp="2022-06-15T01:50:48 IST" skipped="0">
  <testcase classname="com.facebook.LoginTest" name="positiveTest" time="25.566"/>
  <system-out/>
</testsuite> <!-- com.facebook.LoginTest -->
